\o Program:		@(#)$CDS: libManager version 6.1.7 - CAT35 10/30/2018 21:08 (sjfnl050) $
\o Sub version:		sub-version  s231 
\o Arguments:		-mpssession virtuoso1374 -mpshost student04 
\o Working Directory:	student04:/escnfs/courses/fa24-cse-30342.01/dropbox/cfarls/VLSI/dic-lab3
\o 64-bit offsets
\o Qt version: 		4.8.5
\o Log file is "/escnfs/courses/fa24-cse-30342.01/dropbox/cfarls/VLSI/dic-lab3/libManager.log".
\o Opening libManager window.
\a nrSetCurrentWindow(cdsLibManager)
\a nrResizeWindow(cdsLibManager list(2201 85 602 491))
\o changeWorkingDir("/escnfs/courses/fa24-cse-30342.01/dropbox/cfarls/VLSI/dic-lab3") unnecessary.
\o ddSetForcedLib("") unnecessary.
\o MPS service: map window
\o Loading customization file "./cdsLibMgr.il"
\o Loading NCSU Library Manager customizations...done.
\o Library Manager customization server connected.
\a cdsLibManager->libListBox->value = "lab2_cfarls"
\a cdsLibManager->libLineEdit->value = "lab2_cfarls"
\a cdsLibManager->cellListBox->value = "PMOS_IV_3"
\a cdsLibManager->cellLineEdit->value = "PMOS_IV_3"
\a cdsLibManager->cellListBox->value = "inv"
\a cdsLibManager->cellLineEdit->value = "inv"
\o MPS service: shutdown
\o libManager is exiting.
\a nrSetWindowVisibility(cdsLibManager "hide")
\a exit(0)
