Virtuoso Framework License (111) was checked out successfully. Total checkout time was 0.01s.
Loading /escnfs/courses/fa24-cse-30342.01/dropbox/cfarls/VLSI/.simrc file.
*INFO* (icLic-302) License Virtuoso_Layout_Suite_GXL ("Layout GXL") was used to run Layout L.

Running simulation in directory: "/escnfs/courses/fa24-cse-30342.01/dropbox/cfarls/VLSI/hw2_cfarls/sim_nand2_dc".



Begin netlist:    Sep 25 23:58:58 2024
	view name list	= ("auLvs" "extracted")
	stop name list	= ("auLvs")
	library name	= "hw2_cfarls"
	cell name	= "sim_nand2_dc"
	view name	= "extracted"
	globals lib	= "basic"
Running Artist Flat Netlisting ...
*WARNING* Parameter 'lxUseCell' already exists.
End netlist:    Sep 25 23:58:59 2024

Moving original netlist to extNetlist
Removing parasitic components from netlist
	presistors removed:  0
	pcapacitors removed: 0
	pinductors removed:  0
	pdiodes removed:     0
	trans lines removed: 0
	6 nodes merged into 6 nodes


Begin netlist:    Sep 25 23:58:59 2024
	view name list	= ("auLvs" "cmos_sch" "schematic" "symbol")
	stop name list	= ("auLvs")
	library name	= "hw2_cfarls"
	cell name	= "sim_nand2_dc"
	view name	= "schematic"
	globals lib	= "basic"
Running Artist Flat Netlisting ...
*INFO* (icLic-302) License Virtuoso_Layout_Suite_GXL ("Layout GXL") was used to run Layout L.
End netlist:    Sep 25 23:58:59 2024

Moving original netlist to extNetlist
Removing parasitic components from netlist
	presistors removed:  0
	pcapacitors removed: 0
	pinductors removed:  0
	pdiodes removed:     0
	trans lines removed: 0
	11 nodes merged into 11 nodes

Running netlist comparison program:  LVS
Begin comparison:    Sep 25 23:58:59 2024
@(#)$CDS: LVS version 6.1.7-64b 12/16/2018 07:37 (sjfhw317) $

The net-lists failed to match.

                             layout  schematic
                                instances
        un-matched              0       1      
        rewired                 0       0      
        size errors             0       0      
        pruned                  0       0      
        active                  4       5      
        total                   4       5      

                                  nets
        un-matched              0       0      
        merged                  0       0      
        pruned                  0       0      
        active                  6       6      
        total                   6       6      

                                terminals
        un-matched              0       0      
        matched but
        different type          1       1      
        total                   4       5      
End comparison:      Sep 25 23:58:59 2024
*INFO* (icLic-302) License Virtuoso_Layout_Suite_GXL ("Layout GXL") was used to run Layout L.


Comparison program completed successfully.
