Virtuoso Framework License (111) was checked out successfully. Total checkout time was 0.01s.
Loading /escnfs/courses/fa24-cse-30342.01/dropbox/dmikolay/VLSI/.simrc file.
*INFO* (icLic-302) License Virtuoso_Layout_Suite_GXL ("Layout GXL") was used to run Layout L.

Running simulation in directory: "/escnfs/courses/fa24-cse-30342.01/dropbox/dmikolay/VLSI/LVS.lab3.part2".



Begin netlist:    Oct 17 19:23:20 2024
	view name list	= ("auLvs" "extracted")
	stop name list	= ("auLvs")
	library name	= "hw2_dmikolay"
	cell name	= "sim_nand2_dc"
	view name	= "extracted"
	globals lib	= "basic"
Running Artist Flat Netlisting ...
*WARNING* Parameter 'lxUseCell' already exists.
End netlist:    Oct 17 19:23:20 2024

Moving original netlist to extNetlist
Removing parasitic components from netlist
	presistors removed:  0
	pcapacitors removed: 0
	pinductors removed:  0
	pdiodes removed:     0
	trans lines removed: 0
	6 nodes merged into 6 nodes


Begin netlist:    Oct 17 19:23:20 2024
	view name list	= ("auLvs" "cmos_sch" "schematic" "symbol")
	stop name list	= ("auLvs")
	library name	= "hw2_dmikolay"
	cell name	= "sim_nand2_dc"
	view name	= "schematic"
	globals lib	= "basic"
Running Artist Flat Netlisting ...
*INFO* (icLic-302) License Virtuoso_Layout_Suite_GXL ("Layout GXL") was used to run Layout L.
End netlist:    Oct 17 19:23:21 2024

Moving original netlist to extNetlist
Removing parasitic components from netlist
	presistors removed:  0
	pcapacitors removed: 0
	pinductors removed:  0
	pdiodes removed:     0
	trans lines removed: 0
	9 nodes merged into 9 nodes

Running netlist comparison program:  LVS
Begin comparison:    Oct 17 19:23:21 2024
@(#)$CDS: LVS version 6.1.7-64b 12/16/2018 07:37 (sjfhw317) $

The net-lists match.

                             layout  schematic
                                instances
        un-matched              0       0      
        rewired                 0       0      
        size errors             0       0      
        pruned                  0       0      
        active                  4       4      
        total                   4       4      

                                  nets
        un-matched              0       0      
        merged                  0       0      
        pruned                  0       0      
        active                  6       6      
        total                   6       6      

                                terminals
        un-matched              0       0      
        matched but
        different type          1       1      
        total                   5       5      
End comparison:      Oct 17 19:23:21 2024
*INFO* (icLic-302) License Virtuoso_Layout_Suite_GXL ("Layout GXL") was used to run Layout L.


Comparison program completed successfully.
