============================================================
  Generated by:           Genus(TM) Synthesis Solution 17.24-s038_1
  Generated on:           Dec 04 2024  01:26:03 am
  Module:                 controller
  Technology libraries:   muddlib 
                          physical_cells 
  Operating conditions:   typical 
  Interconnect mode:      global
  Area mode:              physical library
============================================================

                                   Leakage  
   Gate     Instances    Area    Power (nW)   Library  
-------------------------------------------------------
a2o1_1x            13   4212.000      1.574    muddlib 
and2_1x            11   2851.200      1.220    muddlib 
inv_1x              7    907.200      0.202    muddlib 
inv_2x              8   1036.800      0.251    muddlib 
inv_4x              5    648.000      0.170    muddlib 
latch_c_1x         14   9979.200      4.202    muddlib 
mux2_c_1x           6   2721.600      1.257    muddlib 
nand2_1x           10   1944.000      0.521    muddlib 
nand2_2x            6   1166.400      0.322    muddlib 
nand3_1x           10   2592.000      0.723    muddlib 
nor2_1x             6   1166.400      0.296    muddlib 
nor2_2x            10   1944.000      0.535    muddlib 
nor3_1x             1    259.200      0.072    muddlib 
or2_1x              1    259.200      0.104    muddlib 
-------------------------------------------------------
total             108  31687.200     11.450            


                                            Leakage  Leakage 
     Type      Instances    Area   Area % Power (nW) Power % 
-------------------------------------------------------------
sequential            14  9979.200   31.5      4.202    36.7 
inverter              20  2592.000    8.2      0.623     5.4 
logic                 74 19116.000   60.3      6.624    57.9 
physical_cells         0     0.000    0.0      0.000     0.0 
-------------------------------------------------------------
total                108 31687.200  100.0     11.450   100.0 

