============================================================
  Generated by:           Genus(TM) Synthesis Solution 17.24-s038_1
  Generated on:           Dec 04 2024  01:26:02 am
  Module:                 controller
  Technology libraries:   muddlib 
                          physical_cells 
  Operating conditions:   typical 
  Interconnect mode:      global
  Area mode:              physical library
============================================================

Timing
--------

Clock  Period 
--------------
ph1   10000.0 


  Cost    Critical         Violating 
 Group   Path Slack  TNS     Paths   
-------------------------------------
default    No paths   0.0            
ph1          4698.9   0.0          0 
-------------------------------------
Total                 0.0          0 

Instance Count
--------------
Leaf Instance Count             113 
Physical Instance count           0 
Sequential Instance Count        14 
Combinational Instance Count     99 
Hierarchical Instance Count       0 

Area
----
Cell Area                          32140.800
Physical Cell Area                 0.000
Total Cell Area (Cell+Physical)    32140.800
Net Area                           31082.099
Total Area (Cell+Physical+Net)     63222.899

Runtime                            0.0 seconds
Elapsed Runtime                    19 seconds
Genus peak memory usage            623.77 
Innovus peak memory usage          no_value 
Hostname                           student04.cse.nd.edu
