============================================================
  Generated by:           Genus(TM) Synthesis Solution 17.24-s038_1
  Generated on:           Dec 04 2024  01:26:02 am
  Module:                 controller
  Technology libraries:   muddlib 
                          physical_cells 
  Operating conditions:   typical 
  Interconnect mode:      global
  Area mode:              physical library
============================================================

                                   Leakage  
   Gate     Instances    Area    Power (nW)   Library  
-------------------------------------------------------
a2o1_1x            16   5184.000      1.937    muddlib 
and2_1x            11   2851.200      1.220    muddlib 
inv_1x              7    907.200      0.202    muddlib 
inv_2x             11   1425.600      0.345    muddlib 
inv_4x              6    777.600      0.204    muddlib 
latch_c_1x         14   9979.200      4.202    muddlib 
mux2_c_1x           3   1360.800      0.629    muddlib 
nand2_1x           11   2138.400      0.573    muddlib 
nand2_2x            5    972.000      0.269    muddlib 
nand3_1x           11   2851.200      0.796    muddlib 
nor2_1x             6   1166.400      0.296    muddlib 
nor2_2x             9   1749.600      0.482    muddlib 
nor3_1x             2    518.400      0.143    muddlib 
or2_1x              1    259.200      0.104    muddlib 
-------------------------------------------------------
total             113  32140.800     11.401            


                                            Leakage  Leakage 
     Type      Instances    Area   Area % Power (nW) Power % 
-------------------------------------------------------------
sequential            14  9979.200   31.0      4.202    36.9 
inverter              24  3110.400    9.7      0.752     6.6 
logic                 75 19051.200   59.3      6.447    56.6 
physical_cells         0     0.000    0.0      0.000     0.0 
-------------------------------------------------------------
total                113 32140.800  100.0     11.401   100.0 

